This file contains any messages produced by compilers while
running configure, to aid debugging if configure makes a mistake.

It was created by guile_llama_cpp configure 0.2, which was
generated by GNU Autoconf 2.71.  Invocation command line was

  $ ./configure

## --------- ##
## Platform. ##
## --------- ##

hostname = pkrvmf6wy0o8zjz
uname -m = x86_64
uname -r = 6.11.0-1014-azure
uname -s = Linux
uname -v = #14~24.04.1-Ubuntu SMP Thu Apr 24 17:41:03 UTC 2025

/usr/bin/uname -p = x86_64
/bin/uname -X     = unknown

/bin/arch              = x86_64
/usr/bin/arch -k       = unknown
/usr/convex/getsysinfo = unknown
/usr/bin/hostinfo      = unknown
/bin/machine           = unknown
/usr/bin/oslevel       = unknown
/bin/universe          = unknown

PATH: /snap/bin/
PATH: /home/runner/.local/bin/
PATH: /opt/pipx_bin/
PATH: /home/runner/.cargo/bin/
PATH: /home/runner/.config/composer/vendor/bin/
PATH: /usr/local/.ghcup/bin/
PATH: /home/runner/.dotnet/tools/
PATH: /usr/local/sbin/
PATH: /usr/local/bin/
PATH: /usr/sbin/
PATH: /usr/bin/
PATH: /sbin/
PATH: /bin/
PATH: /usr/games/
PATH: /usr/local/games/
PATH: /snap/bin/


## ----------- ##
## Core tests. ##
## ----------- ##

configure:2779: looking for aux files: config.guess config.sub ltmain.sh compile missing install-sh
configure:2792:  trying ./build-aux/
configure:2821:   ./build-aux/config.guess found
configure:2821:   ./build-aux/config.sub found
configure:2821:   ./build-aux/ltmain.sh found
configure:2821:   ./build-aux/compile found
configure:2821:   ./build-aux/missing found
configure:2803:   ./build-aux/install-sh found
configure:2964: checking for a BSD-compatible install
configure:3037: result: /usr/bin/install -c
configure:3048: checking whether build environment is sane
configure:3103: result: yes
configure:3262: checking for a race-free mkdir -p
configure:3306: result: /usr/bin/mkdir -p
configure:3313: checking for gawk
configure:3334: found /usr/bin/gawk
configure:3345: result: gawk
configure:3356: checking whether make sets $(MAKE)
configure:3379: result: yes
configure:3409: checking whether make supports nested variables
configure:3427: result: yes
configure:3575: checking whether make supports nested variables
configure:3593: result: yes
configure:3618: checking whether make supports the include directive
configure:3633: make -f confmf.GNU && cat confinc.out
this is the am__doit target
configure:3636: $? = 0
configure:3655: result: yes (GNU style)
configure:3731: checking for gcc
configure:3752: found /usr/bin/gcc
configure:3763: result: gcc
configure:4116: checking for C compiler version
configure:4125: gcc --version >&5
gcc (Ubuntu 13.3.0-6ubuntu2~24.04) 13.3.0
Copyright (C) 2023 Free Software Foundation, Inc.
This is free software; see the source for copying conditions.  There is NO
warranty; not even for MERCHANTABILITY or FITNESS FOR A PARTICULAR PURPOSE.

configure:4136: $? = 0
configure:4125: gcc -v >&5
Using built-in specs.
COLLECT_GCC=gcc
COLLECT_LTO_WRAPPER=/usr/libexec/gcc/x86_64-linux-gnu/13/lto-wrapper
OFFLOAD_TARGET_NAMES=nvptx-none:amdgcn-amdhsa
OFFLOAD_TARGET_DEFAULT=1
Target: x86_64-linux-gnu
Configured with: ../src/configure -v --with-pkgversion='Ubuntu 13.3.0-6ubuntu2~24.04' --with-bugurl=file:///usr/share/doc/gcc-13/README.Bugs --enable-languages=c,ada,c++,go,d,fortran,objc,obj-c++,m2 --prefix=/usr --with-gcc-major-version-only --program-suffix=-13 --program-prefix=x86_64-linux-gnu- --enable-shared --enable-linker-build-id --libexecdir=/usr/libexec --without-included-gettext --enable-threads=posix --libdir=/usr/lib --enable-nls --enable-bootstrap --enable-clocale=gnu --enable-libstdcxx-debug --enable-libstdcxx-time=yes --with-default-libstdcxx-abi=new --enable-libstdcxx-backtrace --enable-gnu-unique-object --disable-vtable-verify --enable-plugin --enable-default-pie --with-system-zlib --enable-libphobos-checking=release --with-target-system-zlib=auto --enable-objc-gc=auto --enable-multiarch --disable-werror --enable-cet --with-arch-32=i686 --with-abi=m64 --with-multilib-list=m32,m64,mx32 --enable-multilib --with-tune=generic --enable-offload-targets=nvptx-none=/build/gcc-13-fG75Ri/gcc-13-13.3.0/debian/tmp-nvptx/usr,amdgcn-amdhsa=/build/gcc-13-fG75Ri/gcc-13-13.3.0/debian/tmp-gcn/usr --enable-offload-defaulted --without-cuda-driver --enable-checking=release --build=x86_64-linux-gnu --host=x86_64-linux-gnu --target=x86_64-linux-gnu --with-build-config=bootstrap-lto-lean --enable-link-serialization=2
Thread model: posix
Supported LTO compression algorithms: zlib zstd
gcc version 13.3.0 (Ubuntu 13.3.0-6ubuntu2~24.04) 
... rest of stderr output deleted ...
configure:4136: $? = 0
configure:4125: gcc -V >&5
gcc: error: unrecognized command-line option '-V'
gcc: fatal error: no input files
compilation terminated.
configure:4136: $? = 1
configure:4125: gcc -qversion >&5
gcc: error: unrecognized command-line option '-qversion'; did you mean '--version'?
gcc: fatal error: no input files
compilation terminated.
configure:4136: $? = 1
configure:4125: gcc -version >&5
gcc: error: unrecognized command-line option '-version'
gcc: fatal error: no input files
compilation terminated.
configure:4136: $? = 1
configure:4156: checking whether the C compiler works
configure:4178: gcc    conftest.c  >&5
configure:4182: $? = 0
configure:4232: result: yes
configure:4235: checking for C compiler default output file name
configure:4237: result: a.out
configure:4243: checking for suffix of executables
configure:4250: gcc -o conftest    conftest.c  >&5
configure:4254: $? = 0
configure:4277: result: 
configure:4299: checking whether we are cross compiling
configure:4307: gcc -o conftest    conftest.c  >&5
configure:4311: $? = 0
configure:4318: ./conftest
configure:4322: $? = 0
configure:4337: result: no
configure:4342: checking for suffix of object files
configure:4365: gcc -c   conftest.c >&5
configure:4369: $? = 0
configure:4391: result: o
configure:4395: checking whether the compiler supports GNU C
configure:4415: gcc -c   conftest.c >&5
configure:4415: $? = 0
configure:4425: result: yes
configure:4436: checking whether gcc accepts -g
configure:4457: gcc -c -g  conftest.c >&5
configure:4457: $? = 0
configure:4501: result: yes
configure:4521: checking for gcc option to enable C11 features
configure:4536: gcc  -c -g -O2  conftest.c >&5
configure:4536: $? = 0
configure:4554: result: none needed
configure:4670: checking whether gcc understands -c and -o together
configure:4693: gcc -c conftest.c -o conftest2.o
configure:4696: $? = 0
configure:4693: gcc -c conftest.c -o conftest2.o
configure:4696: $? = 0
configure:4708: result: yes
configure:4727: checking dependency style of gcc
configure:4839: result: gcc3
configure:4859: checking for stdio.h
configure:4859: gcc -c -g -O2  conftest.c >&5
configure:4859: $? = 0
configure:4859: result: yes
configure:4859: checking for stdlib.h
configure:4859: gcc -c -g -O2  conftest.c >&5
configure:4859: $? = 0
configure:4859: result: yes
configure:4859: checking for string.h
configure:4859: gcc -c -g -O2  conftest.c >&5
configure:4859: $? = 0
configure:4859: result: yes
configure:4859: checking for inttypes.h
configure:4859: gcc -c -g -O2  conftest.c >&5
configure:4859: $? = 0
configure:4859: result: yes
configure:4859: checking for stdint.h
configure:4859: gcc -c -g -O2  conftest.c >&5
configure:4859: $? = 0
configure:4859: result: yes
configure:4859: checking for strings.h
configure:4859: gcc -c -g -O2  conftest.c >&5
configure:4859: $? = 0
configure:4859: result: yes
configure:4859: checking for sys/stat.h
configure:4859: gcc -c -g -O2  conftest.c >&5
configure:4859: $? = 0
configure:4859: result: yes
configure:4859: checking for sys/types.h
configure:4859: gcc -c -g -O2  conftest.c >&5
configure:4859: $? = 0
configure:4859: result: yes
configure:4859: checking for unistd.h
configure:4859: gcc -c -g -O2  conftest.c >&5
configure:4859: $? = 0
configure:4859: result: yes
configure:4859: checking for wchar.h
configure:4859: gcc -c -g -O2  conftest.c >&5
configure:4859: $? = 0
configure:4859: result: yes
configure:4859: checking for minix/config.h
configure:4859: gcc -c -g -O2  conftest.c >&5
conftest.c:49:10: fatal error: minix/config.h: No such file or directory
   49 | #include <minix/config.h>
      |          ^~~~~~~~~~~~~~~~
compilation terminated.
configure:4859: $? = 1
configure: failed program was:
| /* confdefs.h */
| #define PACKAGE_NAME "guile_llama_cpp"
| #define PACKAGE_TARNAME "guile_llama_cpp"
| #define PACKAGE_VERSION "0.2"
| #define PACKAGE_STRING "guile_llama_cpp 0.2"
| #define PACKAGE_BUGREPORT ""
| #define PACKAGE_URL ""
| #define PACKAGE "guile_llama_cpp"
| #define VERSION "0.2"
| #define HAVE_STDIO_H 1
| #define HAVE_STDLIB_H 1
| #define HAVE_STRING_H 1
| #define HAVE_INTTYPES_H 1
| #define HAVE_STDINT_H 1
| #define HAVE_STRINGS_H 1
| #define HAVE_SYS_STAT_H 1
| #define HAVE_SYS_TYPES_H 1
| #define HAVE_UNISTD_H 1
| #define HAVE_WCHAR_H 1
| /* end confdefs.h.  */
| #include <stddef.h>
| #ifdef HAVE_STDIO_H
| # include <stdio.h>
| #endif
| #ifdef HAVE_STDLIB_H
| # include <stdlib.h>
| #endif
| #ifdef HAVE_STRING_H
| # include <string.h>
| #endif
| #ifdef HAVE_INTTYPES_H
| # include <inttypes.h>
| #endif
| #ifdef HAVE_STDINT_H
| # include <stdint.h>
| #endif
| #ifdef HAVE_STRINGS_H
| # include <strings.h>
| #endif
| #ifdef HAVE_SYS_TYPES_H
| # include <sys/types.h>
| #endif
| #ifdef HAVE_SYS_STAT_H
| # include <sys/stat.h>
| #endif
| #ifdef HAVE_UNISTD_H
| # include <unistd.h>
| #endif
| #include <minix/config.h>
configure:4859: result: no
configure:4890: checking whether it is safe to define __EXTENSIONS__
configure:4909: gcc -c -g -O2  conftest.c >&5
configure:4909: $? = 0
configure:4917: result: yes
configure:4920: checking whether _XOPEN_SOURCE should be defined
configure:4942: gcc -c -g -O2  conftest.c >&5
configure:4942: $? = 0
configure:4969: result: no
configure:5027: checking whether make sets $(MAKE)
configure:5050: result: yes
configure:5131: checking for g++
configure:5152: found /usr/bin/g++
configure:5163: result: g++
configure:5190: checking for C++ compiler version
configure:5199: g++ --version >&5
g++ (Ubuntu 13.3.0-6ubuntu2~24.04) 13.3.0
Copyright (C) 2023 Free Software Foundation, Inc.
This is free software; see the source for copying conditions.  There is NO
warranty; not even for MERCHANTABILITY or FITNESS FOR A PARTICULAR PURPOSE.

configure:5210: $? = 0
configure:5199: g++ -v >&5
Using built-in specs.
COLLECT_GCC=g++
COLLECT_LTO_WRAPPER=/usr/libexec/gcc/x86_64-linux-gnu/13/lto-wrapper
OFFLOAD_TARGET_NAMES=nvptx-none:amdgcn-amdhsa
OFFLOAD_TARGET_DEFAULT=1
Target: x86_64-linux-gnu
Configured with: ../src/configure -v --with-pkgversion='Ubuntu 13.3.0-6ubuntu2~24.04' --with-bugurl=file:///usr/share/doc/gcc-13/README.Bugs --enable-languages=c,ada,c++,go,d,fortran,objc,obj-c++,m2 --prefix=/usr --with-gcc-major-version-only --program-suffix=-13 --program-prefix=x86_64-linux-gnu- --enable-shared --enable-linker-build-id --libexecdir=/usr/libexec --without-included-gettext --enable-threads=posix --libdir=/usr/lib --enable-nls --enable-bootstrap --enable-clocale=gnu --enable-libstdcxx-debug --enable-libstdcxx-time=yes --with-default-libstdcxx-abi=new --enable-libstdcxx-backtrace --enable-gnu-unique-object --disable-vtable-verify --enable-plugin --enable-default-pie --with-system-zlib --enable-libphobos-checking=release --with-target-system-zlib=auto --enable-objc-gc=auto --enable-multiarch --disable-werror --enable-cet --with-arch-32=i686 --with-abi=m64 --with-multilib-list=m32,m64,mx32 --enable-multilib --with-tune=generic --enable-offload-targets=nvptx-none=/build/gcc-13-fG75Ri/gcc-13-13.3.0/debian/tmp-nvptx/usr,amdgcn-amdhsa=/build/gcc-13-fG75Ri/gcc-13-13.3.0/debian/tmp-gcn/usr --enable-offload-defaulted --without-cuda-driver --enable-checking=release --build=x86_64-linux-gnu --host=x86_64-linux-gnu --target=x86_64-linux-gnu --with-build-config=bootstrap-lto-lean --enable-link-serialization=2
Thread model: posix
Supported LTO compression algorithms: zlib zstd
gcc version 13.3.0 (Ubuntu 13.3.0-6ubuntu2~24.04) 
... rest of stderr output deleted ...
configure:5210: $? = 0
configure:5199: g++ -V >&5
g++: error: unrecognized command-line option '-V'
g++: fatal error: no input files
compilation terminated.
configure:5210: $? = 1
configure:5199: g++ -qversion >&5
g++: error: unrecognized command-line option '-qversion'; did you mean '--version'?
g++: fatal error: no input files
compilation terminated.
configure:5210: $? = 1
configure:5214: checking whether the compiler supports GNU C++
configure:5234: g++ -c   conftest.cpp >&5
configure:5234: $? = 0
configure:5244: result: yes
configure:5255: checking whether g++ accepts -g
configure:5276: g++ -c -g  conftest.cpp >&5
configure:5276: $? = 0
configure:5320: result: yes
configure:5340: checking for g++ option to enable C++11 features
configure:5355: g++  -c -g -O2  conftest.cpp >&5
conftest.cpp: In function 'int main(int, char**)':
conftest.cpp:204:25: warning: empty parentheses were disambiguated as a function declaration [-Wvexing-parse]
  204 |   cxx11test::delegate d2();
      |                         ^~
conftest.cpp:204:25: note: remove parentheses to default-initialize a variable
  204 |   cxx11test::delegate d2();
      |                         ^~
      |                         --
conftest.cpp:204:25: note: or replace parentheses with braces to value-initialize a variable
configure:5355: $? = 0
configure:5373: result: none needed
configure:5439: checking dependency style of g++
configure:5551: result: gcc3
configure:5598: checking build system type
configure:5613: result: x86_64-pc-linux-gnu
configure:5633: checking host system type
configure:5647: result: x86_64-pc-linux-gnu
configure:5688: checking how to print strings
configure:5715: result: printf
configure:5736: checking for a sed that does not truncate output
configure:5806: result: /usr/bin/sed
configure:5824: checking for grep that handles long lines and -e
configure:5888: result: /usr/bin/grep
configure:5893: checking for egrep
configure:5961: result: /usr/bin/grep -E
configure:5966: checking for fgrep
configure:6034: result: /usr/bin/grep -F
configure:6070: checking for ld used by gcc
configure:6138: result: /usr/bin/ld
configure:6145: checking if the linker (/usr/bin/ld) is GNU ld
configure:6161: result: yes
configure:6173: checking for BSD- or MS-compatible name lister (nm)
configure:6228: result: /usr/bin/nm -B
configure:6368: checking the name lister (/usr/bin/nm -B) interface
configure:6376: gcc -c -g -O2  conftest.c >&5
configure:6379: /usr/bin/nm -B "conftest.o"
configure:6382: output
0000000000000000 B some_variable
configure:6389: result: BSD nm
configure:6392: checking whether ln -s works
configure:6396: result: yes
configure:6404: checking the maximum length of command line arguments
configure:6536: result: 3145728
configure:6584: checking how to convert x86_64-pc-linux-gnu file names to x86_64-pc-linux-gnu format
configure:6625: result: func_convert_file_noop
configure:6632: checking how to convert x86_64-pc-linux-gnu file names to toolchain format
configure:6653: result: func_convert_file_noop
configure:6660: checking for /usr/bin/ld option to reload object files
configure:6668: result: -r
configure:6747: checking for file
configure:6768: found /usr/bin/file
configure:6779: result: file
configure:6855: checking for objdump
configure:6876: found /usr/bin/objdump
configure:6887: result: objdump
configure:6919: checking how to recognize dependent libraries
configure:7120: result: pass_all
configure:7210: checking for dlltool
configure:7245: result: no
configure:7275: checking how to associate runtime and link libraries
configure:7303: result: printf %s\n
configure:7368: checking for ar
configure:7389: found /usr/bin/ar
configure:7400: result: ar
configure:7453: checking for archiver @FILE support
configure:7471: gcc -c -g -O2  conftest.c >&5
configure:7471: $? = 0
configure:7475: ar cr libconftest.a @conftest.lst >&5
configure:7478: $? = 0
configure:7483: ar cr libconftest.a @conftest.lst >&5
ar: conftest.o: No such file or directory
configure:7486: $? = 1
configure:7498: result: @
configure:7561: checking for strip
configure:7582: found /usr/bin/strip
configure:7593: result: strip
configure:7670: checking for ranlib
configure:7691: found /usr/bin/ranlib
configure:7702: result: ranlib
configure:7804: checking command to parse /usr/bin/nm -B output from gcc object
configure:7958: gcc -c -g -O2  conftest.c >&5
configure:7961: $? = 0
configure:7965: /usr/bin/nm -B conftest.o | /usr/bin/sed -n -e 's/^.*[	 ]\([ABCDGIRSTW][ABCDGIRSTW]*\)[	 ][	 ]*\([_A-Za-z][_A-Za-z0-9]*\)$/\1 \2 \2/p' | /usr/bin/sed '/ __gnu_lto/d' > conftest.nm
configure:8031: gcc -o conftest -g -O2   conftest.c conftstm.o >&5
configure:8034: $? = 0
configure:8072: result: ok
configure:8119: checking for sysroot
configure:8150: result: no
configure:8157: checking for a working dd
configure:8201: result: /usr/bin/dd
configure:8205: checking how to truncate binary pipes
configure:8221: result: /usr/bin/dd bs=4096 count=1
configure:8358: gcc -c -g -O2  conftest.c >&5
configure:8361: $? = 0
configure:8558: checking for mt
configure:8579: found /usr/bin/mt
configure:8590: result: mt
configure:8613: checking if mt is a manifest tool
configure:8620: mt '-?'
configure:8628: result: no
configure:9349: checking for dlfcn.h
configure:9349: gcc -c -g -O2  conftest.c >&5
configure:9349: $? = 0
configure:9349: result: yes
configure:9619: checking for objdir
configure:9635: result: .libs
configure:9899: checking if gcc supports -fno-rtti -fno-exceptions
configure:9918: gcc -c -g -O2  -fno-rtti -fno-exceptions conftest.c >&5
cc1: warning: command-line option '-fno-rtti' is valid for C++/D/ObjC++ but not for C
configure:9922: $? = 0
configure:9935: result: no
configure:10299: checking for gcc option to produce PIC
configure:10307: result: -fPIC -DPIC
configure:10315: checking if gcc PIC flag -fPIC -DPIC works
configure:10334: gcc -c -g -O2  -fPIC -DPIC -DPIC conftest.c >&5
configure:10338: $? = 0
configure:10351: result: yes
configure:10380: checking if gcc static flag -static works
configure:10409: result: yes
configure:10424: checking if gcc supports -c -o file.o
configure:10446: gcc -c -g -O2  -o out/conftest2.o conftest.c >&5
configure:10450: $? = 0
configure:10472: result: yes
configure:10480: checking if gcc supports -c -o file.o
configure:10528: result: yes
configure:10561: checking whether the gcc linker (/usr/bin/ld -m elf_x86_64) supports shared libraries
configure:11835: result: yes
configure:11872: checking whether -lc should be explicitly linked in
configure:11881: gcc -c -g -O2  conftest.c >&5
configure:11884: $? = 0
configure:11899: gcc -shared  -fPIC -DPIC conftest.o  -v -Wl,-soname -Wl,conftest -o conftest 2\>\&1 \| /usr/bin/grep  -lc  \>/dev/null 2\>\&1
configure:11902: $? = 0
configure:11916: result: no
configure:12076: checking dynamic linker characteristics
configure:12658: gcc -o conftest -g -O2   -Wl,-rpath -Wl,/foo conftest.c  >&5
configure:12658: $? = 0
configure:12909: result: GNU/Linux ld.so
configure:13031: checking how to hardcode library paths into programs
configure:13056: result: immediate
configure:13608: checking whether stripping libraries is possible
configure:13617: result: yes
configure:13659: checking if libtool supports shared libraries
configure:13661: result: yes
configure:13664: checking whether to build shared libraries
configure:13689: result: yes
configure:13692: checking whether to build static libraries
configure:13696: result: yes
configure:13719: checking how to run the C++ preprocessor
configure:13741: g++ -E  conftest.cpp
configure:13741: $? = 0
configure:13756: g++ -E  conftest.cpp
conftest.cpp:40:10: fatal error: ac_nonexistent.h: No such file or directory
   40 | #include <ac_nonexistent.h>
      |          ^~~~~~~~~~~~~~~~~~
compilation terminated.
configure:13756: $? = 1
configure: failed program was:
| /* confdefs.h */
| #define PACKAGE_NAME "guile_llama_cpp"
| #define PACKAGE_TARNAME "guile_llama_cpp"
| #define PACKAGE_VERSION "0.2"
| #define PACKAGE_STRING "guile_llama_cpp 0.2"
| #define PACKAGE_BUGREPORT ""
| #define PACKAGE_URL ""
| #define PACKAGE "guile_llama_cpp"
| #define VERSION "0.2"
| #define HAVE_STDIO_H 1
| #define HAVE_STDLIB_H 1
| #define HAVE_STRING_H 1
| #define HAVE_INTTYPES_H 1
| #define HAVE_STDINT_H 1
| #define HAVE_STRINGS_H 1
| #define HAVE_SYS_STAT_H 1
| #define HAVE_SYS_TYPES_H 1
| #define HAVE_UNISTD_H 1
| #define HAVE_WCHAR_H 1
| #define STDC_HEADERS 1
| #define _ALL_SOURCE 1
| #define _DARWIN_C_SOURCE 1
| #define _GNU_SOURCE 1
| #define _HPUX_ALT_XOPEN_SOCKET_API 1
| #define _NETBSD_SOURCE 1
| #define _OPENBSD_SOURCE 1
| #define _POSIX_PTHREAD_SEMANTICS 1
| #define __STDC_WANT_IEC_60559_ATTRIBS_EXT__ 1
| #define __STDC_WANT_IEC_60559_BFP_EXT__ 1
| #define __STDC_WANT_IEC_60559_DFP_EXT__ 1
| #define __STDC_WANT_IEC_60559_FUNCS_EXT__ 1
| #define __STDC_WANT_IEC_60559_TYPES_EXT__ 1
| #define __STDC_WANT_LIB_EXT2__ 1
| #define __STDC_WANT_MATH_SPEC_FUNCS__ 1
| #define _TANDEM_SOURCE 1
| #define __EXTENSIONS__ 1
| #define HAVE_DLFCN_H 1
| #define LT_OBJDIR ".libs/"
| /* end confdefs.h.  */
| #include <ac_nonexistent.h>
configure:13783: result: g++ -E
configure:13797: g++ -E  conftest.cpp
configure:13797: $? = 0
configure:13812: g++ -E  conftest.cpp
conftest.cpp:40:10: fatal error: ac_nonexistent.h: No such file or directory
   40 | #include <ac_nonexistent.h>
      |          ^~~~~~~~~~~~~~~~~~
compilation terminated.
configure:13812: $? = 1
configure: failed program was:
| /* confdefs.h */
| #define PACKAGE_NAME "guile_llama_cpp"
| #define PACKAGE_TARNAME "guile_llama_cpp"
| #define PACKAGE_VERSION "0.2"
| #define PACKAGE_STRING "guile_llama_cpp 0.2"
| #define PACKAGE_BUGREPORT ""
| #define PACKAGE_URL ""
| #define PACKAGE "guile_llama_cpp"
| #define VERSION "0.2"
| #define HAVE_STDIO_H 1
| #define HAVE_STDLIB_H 1
| #define HAVE_STRING_H 1
| #define HAVE_INTTYPES_H 1
| #define HAVE_STDINT_H 1
| #define HAVE_STRINGS_H 1
| #define HAVE_SYS_STAT_H 1
| #define HAVE_SYS_TYPES_H 1
| #define HAVE_UNISTD_H 1
| #define HAVE_WCHAR_H 1
| #define STDC_HEADERS 1
| #define _ALL_SOURCE 1
| #define _DARWIN_C_SOURCE 1
| #define _GNU_SOURCE 1
| #define _HPUX_ALT_XOPEN_SOCKET_API 1
| #define _NETBSD_SOURCE 1
| #define _OPENBSD_SOURCE 1
| #define _POSIX_PTHREAD_SEMANTICS 1
| #define __STDC_WANT_IEC_60559_ATTRIBS_EXT__ 1
| #define __STDC_WANT_IEC_60559_BFP_EXT__ 1
| #define __STDC_WANT_IEC_60559_DFP_EXT__ 1
| #define __STDC_WANT_IEC_60559_FUNCS_EXT__ 1
| #define __STDC_WANT_IEC_60559_TYPES_EXT__ 1
| #define __STDC_WANT_LIB_EXT2__ 1
| #define __STDC_WANT_MATH_SPEC_FUNCS__ 1
| #define _TANDEM_SOURCE 1
| #define __EXTENSIONS__ 1
| #define HAVE_DLFCN_H 1
| #define LT_OBJDIR ".libs/"
| /* end confdefs.h.  */
| #include <ac_nonexistent.h>
configure:13977: checking for ld used by g++
configure:14045: result: /usr/bin/ld -m elf_x86_64
configure:14052: checking if the linker (/usr/bin/ld -m elf_x86_64) is GNU ld
configure:14068: result: yes
configure:14123: checking whether the g++ linker (/usr/bin/ld -m elf_x86_64) supports shared libraries
configure:15201: result: yes
configure:15237: g++ -c -g -O2  conftest.cpp >&5
configure:15240: $? = 0
configure:15721: checking for g++ option to produce PIC
configure:15729: result: -fPIC -DPIC
configure:15737: checking if g++ PIC flag -fPIC -DPIC works
configure:15756: g++ -c -g -O2  -fPIC -DPIC -DPIC conftest.cpp >&5
configure:15760: $? = 0
configure:15773: result: yes
configure:15796: checking if g++ static flag -static works
configure:15825: result: yes
configure:15837: checking if g++ supports -c -o file.o
configure:15859: g++ -c -g -O2  -o out/conftest2.o conftest.cpp >&5
configure:15863: $? = 0
configure:15885: result: yes
configure:15890: checking if g++ supports -c -o file.o
configure:15938: result: yes
configure:15968: checking whether the g++ linker (/usr/bin/ld -m elf_x86_64) supports shared libraries
configure:16011: result: yes
configure:16153: checking dynamic linker characteristics
configure:16913: result: GNU/Linux ld.so
configure:16978: checking how to hardcode library paths into programs
configure:17003: result: immediate
configure:17071: checking for swig
configure:17094: found /usr/bin/swig
configure:17106: result: /usr/bin/swig
configure:17130: checking SWIG version
configure:17133: result: 4.2.0
configure:17185: checking for SWIG library
configure:17188: result: /usr/share/swig4.0 
configure:17191: Found SWIG version 
configure:17275: checking for pkg-config
configure:17298: found /usr/bin/pkg-config
configure:17310: result: /usr/bin/pkg-config
configure:17335: checking pkg-config is at least version 0.9.0
configure:17338: result: yes
configure:17348: checking for guile-3.0 >= 3.0
configure:17355: $PKG_CONFIG --exists --print-errors "guile-3.0 >= 3.0"
configure:17358: $? = 0
configure:17372: $PKG_CONFIG --exists --print-errors "guile-3.0 >= 3.0"
configure:17375: $? = 0
configure:17419: result: yes

## ---------------- ##
## Cache variables. ##
## ---------------- ##

ac_cv_build=x86_64-pc-linux-gnu
ac_cv_c_compiler_gnu=yes
ac_cv_cxx_compiler_gnu=yes
ac_cv_env_CCC_set=
ac_cv_env_CCC_value=
ac_cv_env_CC_set=
ac_cv_env_CC_value=
ac_cv_env_CFLAGS_set=
ac_cv_env_CFLAGS_value=
ac_cv_env_CPPFLAGS_set=
ac_cv_env_CPPFLAGS_value=
ac_cv_env_CXXCPP_set=
ac_cv_env_CXXCPP_value=
ac_cv_env_CXXFLAGS_set=
ac_cv_env_CXXFLAGS_value=
ac_cv_env_CXX_set=
ac_cv_env_CXX_value=
ac_cv_env_GUILE_CFLAGS_set=
ac_cv_env_GUILE_CFLAGS_value=
ac_cv_env_GUILE_LIBS_set=
ac_cv_env_GUILE_LIBS_value=
ac_cv_env_LDFLAGS_set=
ac_cv_env_LDFLAGS_value=
ac_cv_env_LIBS_set=
ac_cv_env_LIBS_value=
ac_cv_env_LT_SYS_LIBRARY_PATH_set=
ac_cv_env_LT_SYS_LIBRARY_PATH_value=
ac_cv_env_PKG_CONFIG_LIBDIR_set=
ac_cv_env_PKG_CONFIG_LIBDIR_value=
ac_cv_env_PKG_CONFIG_PATH_set=
ac_cv_env_PKG_CONFIG_PATH_value=
ac_cv_env_PKG_CONFIG_set=
ac_cv_env_PKG_CONFIG_value=
ac_cv_env_build_alias_set=
ac_cv_env_build_alias_value=
ac_cv_env_host_alias_set=
ac_cv_env_host_alias_value=
ac_cv_env_target_alias_set=
ac_cv_env_target_alias_value=
ac_cv_header_dlfcn_h=yes
ac_cv_header_inttypes_h=yes
ac_cv_header_minix_config_h=no
ac_cv_header_stdint_h=yes
ac_cv_header_stdio_h=yes
ac_cv_header_stdlib_h=yes
ac_cv_header_string_h=yes
ac_cv_header_strings_h=yes
ac_cv_header_sys_stat_h=yes
ac_cv_header_sys_types_h=yes
ac_cv_header_unistd_h=yes
ac_cv_header_wchar_h=yes
ac_cv_host=x86_64-pc-linux-gnu
ac_cv_objext=o
ac_cv_path_EGREP='/usr/bin/grep -E'
ac_cv_path_FGREP='/usr/bin/grep -F'
ac_cv_path_GREP=/usr/bin/grep
ac_cv_path_SED=/usr/bin/sed
ac_cv_path_SWIG=/usr/bin/swig
ac_cv_path_ac_pt_PKG_CONFIG=/usr/bin/pkg-config
ac_cv_path_install='/usr/bin/install -c'
ac_cv_path_lt_DD=/usr/bin/dd
ac_cv_path_mkdir=/usr/bin/mkdir
ac_cv_prog_AWK=gawk
ac_cv_prog_CXXCPP='g++ -E'
ac_cv_prog_ac_ct_AR=ar
ac_cv_prog_ac_ct_CC=gcc
ac_cv_prog_ac_ct_CXX=g++
ac_cv_prog_ac_ct_FILECMD=file
ac_cv_prog_ac_ct_MANIFEST_TOOL=mt
ac_cv_prog_ac_ct_OBJDUMP=objdump
ac_cv_prog_ac_ct_RANLIB=ranlib
ac_cv_prog_ac_ct_STRIP=strip
ac_cv_prog_cc_c11=
ac_cv_prog_cc_g=yes
ac_cv_prog_cc_stdc=
ac_cv_prog_cxx_cxx11=
ac_cv_prog_cxx_g=yes
ac_cv_prog_cxx_stdcxx=
ac_cv_prog_make_make_set=yes
ac_cv_safe_to_define___extensions__=yes
ac_cv_should_define__xopen_source=no
am_cv_CC_dependencies_compiler_type=gcc3
am_cv_CXX_dependencies_compiler_type=gcc3
am_cv_make_support_nested_variables=yes
am_cv_prog_cc_c_o=yes
lt_cv_ar_at_file=@
lt_cv_archive_cmds_need_lc=no
lt_cv_deplibs_check_method=pass_all
lt_cv_file_magic_cmd='$MAGIC_CMD'
lt_cv_file_magic_test_file=
lt_cv_ld_reload_flag=-r
lt_cv_nm_interface='BSD nm'
lt_cv_objdir=.libs
lt_cv_path_LD=/usr/bin/ld
lt_cv_path_LDCXX='/usr/bin/ld -m elf_x86_64'
lt_cv_path_NM='/usr/bin/nm -B'
lt_cv_path_mainfest_tool=no
lt_cv_prog_compiler_c_o=yes
lt_cv_prog_compiler_c_o_CXX=yes
lt_cv_prog_compiler_pic='-fPIC -DPIC'
lt_cv_prog_compiler_pic_CXX='-fPIC -DPIC'
lt_cv_prog_compiler_pic_works=yes
lt_cv_prog_compiler_pic_works_CXX=yes
lt_cv_prog_compiler_rtti_exceptions=no
lt_cv_prog_compiler_static_works=yes
lt_cv_prog_compiler_static_works_CXX=yes
lt_cv_prog_gnu_ld=yes
lt_cv_prog_gnu_ldcxx=yes
lt_cv_sharedlib_from_linklib_cmd='printf %s\n'
lt_cv_shlibpath_overrides_runpath=yes
lt_cv_sys_global_symbol_pipe='/usr/bin/sed -n -e '\''s/^.*[	 ]\([ABCDGIRSTW][ABCDGIRSTW]*\)[	 ][	 ]*\([_A-Za-z][_A-Za-z0-9]*\)$/\1 \2 \2/p'\'' | /usr/bin/sed '\''/ __gnu_lto/d'\'''
lt_cv_sys_global_symbol_to_c_name_address='/usr/bin/sed -n -e '\''s/^: \(.*\) .*$/  {"\1", (void *) 0},/p'\'' -e '\''s/^[ABCDGIRSTW][ABCDGIRSTW]* .* \(.*\)$/  {"\1", (void *) \&\1},/p'\'''
lt_cv_sys_global_symbol_to_c_name_address_lib_prefix='/usr/bin/sed -n -e '\''s/^: \(.*\) .*$/  {"\1", (void *) 0},/p'\'' -e '\''s/^[ABCDGIRSTW][ABCDGIRSTW]* .* \(lib.*\)$/  {"\1", (void *) \&\1},/p'\'' -e '\''s/^[ABCDGIRSTW][ABCDGIRSTW]* .* \(.*\)$/  {"lib\1", (void *) \&\1},/p'\'''
lt_cv_sys_global_symbol_to_cdecl='/usr/bin/sed -n -e '\''s/^T .* \(.*\)$/extern int \1();/p'\'' -e '\''s/^[ABCDGIRSTW][ABCDGIRSTW]* .* \(.*\)$/extern char \1;/p'\'''
lt_cv_sys_global_symbol_to_import=
lt_cv_sys_max_cmd_len=3145728
lt_cv_to_host_file_cmd=func_convert_file_noop
lt_cv_to_tool_file_cmd=func_convert_file_noop
lt_cv_truncate_bin='/usr/bin/dd bs=4096 count=1'
pkg_cv_GUILE_CFLAGS='-I/usr/include/guile/3.0 '
pkg_cv_GUILE_LIBS='-lguile-3.0 -lgc -lpthread -ldl '

## ----------------- ##
## Output variables. ##
## ----------------- ##

ACLOCAL='${SHELL} '\''/home/runner/work/wolfcog/wolfcog/build-aux/missing'\'' aclocal-1.16'
AMDEPBACKSLASH='\'
AMDEP_FALSE='#'
AMDEP_TRUE=''
AMTAR='$${TAR-tar}'
AM_BACKSLASH='\'
AM_DEFAULT_V='$(AM_DEFAULT_VERBOSITY)'
AM_DEFAULT_VERBOSITY='0'
AM_V='$(V)'
AR='ar'
AUTHOR='"Andy Tai"'
AUTOCONF='${SHELL} '\''/home/runner/work/wolfcog/wolfcog/build-aux/missing'\'' autoconf'
AUTOHEADER='${SHELL} '\''/home/runner/work/wolfcog/wolfcog/build-aux/missing'\'' autoheader'
AUTOMAKE='${SHELL} '\''/home/runner/work/wolfcog/wolfcog/build-aux/missing'\'' automake-1.16'
AWK='gawk'
CC='gcc'
CCDEPMODE='depmode=gcc3'
CFLAGS='-g -O2'
COPYRIGHT=''\''(2024)'
CPPFLAGS=''
CSCOPE='cscope'
CTAGS='ctags'
CXX='g++'
CXXCPP='g++ -E'
CXXDEPMODE='depmode=gcc3'
CXXFLAGS='-g -O2'
CYGPATH_W='echo'
DEFS=''
DEPDIR='.deps'
DLLTOOL='false'
DSYMUTIL=''
DUMPBIN=''
ECHO_C=''
ECHO_N='-n'
ECHO_T=''
EGREP='/usr/bin/grep -E'
ETAGS='etags'
EXEEXT=''
FGREP='/usr/bin/grep -F'
FILECMD='file'
GREP='/usr/bin/grep'
GUILE_CFLAGS='-I/usr/include/guile/3.0 '
GUILE_LIBS='-lguile-3.0 -lgc -lpthread -ldl '
INSTALL_DATA='${INSTALL} -m 644'
INSTALL_PROGRAM='${INSTALL}'
INSTALL_SCRIPT='${INSTALL}'
INSTALL_STRIP_PROGRAM='$(install_sh) -c -s'
LD='/usr/bin/ld -m elf_x86_64'
LDFLAGS=''
LIBOBJS=''
LIBS=''
LIBTOOL='$(SHELL) $(top_builddir)/libtool'
LICENSE='lgpl3+'
LIPO=''
LLAMA_CFLAGS=''
LLAMA_LIBS='-lllama'
LN_S='ln -s'
LTLIBOBJS=''
LT_SYS_LIBRARY_PATH=''
MAKEINFO='${SHELL} '\''/home/runner/work/wolfcog/wolfcog/build-aux/missing'\'' makeinfo'
MANIFEST_TOOL=':'
MKDIR_P='/usr/bin/mkdir -p'
NM='/usr/bin/nm -B'
NMEDIT=''
OBJDUMP='objdump'
OBJEXT='o'
OTOOL64=''
OTOOL=''
PACKAGE='guile_llama_cpp'
PACKAGE_BUGREPORT=''
PACKAGE_NAME='guile_llama_cpp'
PACKAGE_STRING='guile_llama_cpp 0.2'
PACKAGE_TARNAME='guile_llama_cpp'
PACKAGE_URL=''
PACKAGE_VERSION='0.2'
PATH_SEPARATOR=':'
PKG_CONFIG='/usr/bin/pkg-config'
PKG_CONFIG_LIBDIR=''
PKG_CONFIG_PATH=''
RANLIB='ranlib'
SED='/usr/bin/sed'
SET_MAKE=''
SHELL='/bin/bash'
STRIP='strip'
SWIG='/usr/bin/swig'
SWIG_LIB='/usr/share/swig4.0 '
VERSION='0.2'
ac_ct_AR='ar'
ac_ct_CC='gcc'
ac_ct_CXX='g++'
ac_ct_DUMPBIN=''
am__EXEEXT_FALSE=''
am__EXEEXT_TRUE=''
am__fastdepCC_FALSE='#'
am__fastdepCC_TRUE=''
am__fastdepCXX_FALSE='#'
am__fastdepCXX_TRUE=''
am__include='include'
am__isrc=''
am__leading_dot='.'
am__nodep='_no'
am__quote=''
am__tar='$${TAR-tar} chof - "$$tardir"'
am__untar='$${TAR-tar} xf -'
bindir='${exec_prefix}/bin'
build='x86_64-pc-linux-gnu'
build_alias=''
build_cpu='x86_64'
build_os='linux-gnu'
build_vendor='pc'
datadir='${datarootdir}'
datarootdir='${prefix}/share'
docdir='${datarootdir}/doc/${PACKAGE_TARNAME}'
dvidir='${docdir}'
exec_prefix='NONE'
guilemoduledir=''
guileobjectdir=''
host='x86_64-pc-linux-gnu'
host_alias=''
host_cpu='x86_64'
host_os='linux-gnu'
host_vendor='pc'
htmldir='${docdir}'
includedir='${prefix}/include'
infodir='${datarootdir}/info'
install_sh='${SHELL} /home/runner/work/wolfcog/wolfcog/build-aux/install-sh'
libdir='${exec_prefix}/lib'
libexecdir='${exec_prefix}/libexec'
localedir='${datarootdir}/locale'
localstatedir='${prefix}/var'
mandir='${datarootdir}/man'
mkdir_p='$(MKDIR_P)'
oldincludedir='/usr/include'
pdfdir='${docdir}'
prefix='NONE'
program_transform_name='s,x,x,'
psdir='${docdir}'
runstatedir='${localstatedir}/run'
sbindir='${exec_prefix}/sbin'
sharedstatedir='${prefix}/com'
sysconfdir='${prefix}/etc'
target_alias=''

## ----------- ##
## confdefs.h. ##
## ----------- ##

/* confdefs.h */
#define PACKAGE_NAME "guile_llama_cpp"
#define PACKAGE_TARNAME "guile_llama_cpp"
#define PACKAGE_VERSION "0.2"
#define PACKAGE_STRING "guile_llama_cpp 0.2"
#define PACKAGE_BUGREPORT ""
#define PACKAGE_URL ""
#define PACKAGE "guile_llama_cpp"
#define VERSION "0.2"
#define HAVE_STDIO_H 1
#define HAVE_STDLIB_H 1
#define HAVE_STRING_H 1
#define HAVE_INTTYPES_H 1
#define HAVE_STDINT_H 1
#define HAVE_STRINGS_H 1
#define HAVE_SYS_STAT_H 1
#define HAVE_SYS_TYPES_H 1
#define HAVE_UNISTD_H 1
#define HAVE_WCHAR_H 1
#define STDC_HEADERS 1
#define _ALL_SOURCE 1
#define _DARWIN_C_SOURCE 1
#define _GNU_SOURCE 1
#define _HPUX_ALT_XOPEN_SOCKET_API 1
#define _NETBSD_SOURCE 1
#define _OPENBSD_SOURCE 1
#define _POSIX_PTHREAD_SEMANTICS 1
#define __STDC_WANT_IEC_60559_ATTRIBS_EXT__ 1
#define __STDC_WANT_IEC_60559_BFP_EXT__ 1
#define __STDC_WANT_IEC_60559_DFP_EXT__ 1
#define __STDC_WANT_IEC_60559_FUNCS_EXT__ 1
#define __STDC_WANT_IEC_60559_TYPES_EXT__ 1
#define __STDC_WANT_LIB_EXT2__ 1
#define __STDC_WANT_MATH_SPEC_FUNCS__ 1
#define _TANDEM_SOURCE 1
#define __EXTENSIONS__ 1
#define HAVE_DLFCN_H 1
#define LT_OBJDIR ".libs/"
#define HAVE_GUILE 1

configure: exit 2
